f:\older projects\interactive project\vc++_final_projects\cal3dviewer_1_2\cal3dviewer_source_1_2\cal3dviewer\release\cal3dviewer.pch
f:\older projects\interactive project\vc++_final_projects\cal3dviewer_1_2\cal3dviewer_source_1_2\cal3dviewer\release\vc120.pdb
f:\older projects\interactive project\vc++_final_projects\cal3dviewer_1_2\cal3dviewer_source_1_2\cal3dviewer\release\stdafx.obj
f:\older projects\interactive project\vc++_final_projects\cal3dviewer_1_2\cal3dviewer_source_1_2\cal3dviewer\release\tga.obj
f:\older projects\interactive project\vc++_final_projects\cal3dviewer_1_2\cal3dviewer_source_1_2\cal3dviewer\release\targa.obj
f:\older projects\interactive project\vc++_final_projects\cal3dviewer_1_2\cal3dviewer_source_1_2\cal3dviewer\release\recommendedsoftware.obj
f:\older projects\interactive project\vc++_final_projects\cal3dviewer_1_2\cal3dviewer_source_1_2\cal3dviewer\release\memberdata.obj
f:\older projects\interactive project\vc++_final_projects\cal3dviewer_1_2\cal3dviewer_source_1_2\cal3dviewer\release\material.obj
f:\older projects\interactive project\vc++_final_projects\cal3dviewer_1_2\cal3dviewer_source_1_2\cal3dviewer\release\lightmodel.obj
f:\older projects\interactive project\vc++_final_projects\cal3dviewer_1_2\cal3dviewer_source_1_2\cal3dviewer\release\light2.obj
f:\older projects\interactive project\vc++_final_projects\cal3dviewer_1_2\cal3dviewer_source_1_2\cal3dviewer\release\light1.obj
f:\older projects\interactive project\vc++_final_projects\cal3dviewer_1_2\cal3dviewer_source_1_2\cal3dviewer\release\light0.obj
f:\older projects\interactive project\vc++_final_projects\cal3dviewer_1_2\cal3dviewer_source_1_2\cal3dviewer\release\info.obj
f:\older projects\interactive project\vc++_final_projects\cal3dviewer_1_2\cal3dviewer_source_1_2\cal3dviewer\release\help.obj
f:\older projects\interactive project\vc++_final_projects\cal3dviewer_1_2\cal3dviewer_source_1_2\cal3dviewer\release\glwindow.obj
f:\older projects\interactive project\vc++_final_projects\cal3dviewer_1_2\cal3dviewer_source_1_2\cal3dviewer\release\commongl.obj
f:\older projects\interactive project\vc++_final_projects\cal3dviewer_1_2\cal3dviewer_source_1_2\cal3dviewer\release\cal3dviewerdlg.obj
f:\older projects\interactive project\vc++_final_projects\cal3dviewer_1_2\cal3dviewer_source_1_2\cal3dviewer\release\cal3dviewer.obj
f:\older projects\interactive project\vc++_final_projects\cal3dviewer_1_2\cal3dviewer_source_1_2\cal3dviewer\release\cal3dchild.obj
f:\older projects\interactive project\vc++_final_projects\cal3dviewer_1_2\cal3dviewer_source_1_2\cal3dviewer\release\cal3dbase.obj
f:\older projects\interactive project\vc++_final_projects\cal3dviewer_1_2\cal3dviewer_source_1_2\cal3dviewer\release\bitmapslider.obj
f:\older projects\interactive project\vc++_final_projects\cal3dviewer_1_2\cal3dviewer_source_1_2\cal3dviewer\release\bitmap.obj
f:\older projects\interactive project\vc++_final_projects\cal3dviewer_1_2\cal3dviewer_source_1_2\cal3dviewer\release\addmodel.obj
f:\older projects\interactive project\vc++_final_projects\cal3dviewer_1_2\cal3dviewer_source_1_2\cal3dviewer\release\vector.obj
f:\older projects\interactive project\vc++_final_projects\cal3dviewer_1_2\cal3dviewer_source_1_2\cal3dviewer\release\timer.obj
f:\older projects\interactive project\vc++_final_projects\cal3dviewer_1_2\cal3dviewer_source_1_2\release\cal3dviewer.exe
f:\older projects\interactive project\vc++_final_projects\cal3dviewer_1_2\cal3dviewer_source_1_2\release\cal3dviewer.pdb
f:\older projects\interactive project\vc++_final_projects\cal3dviewer_1_2\cal3dviewer_source_1_2\cal3dviewer\release\cal3dviewer.res
f:\older projects\interactive project\vc++_final_projects\cal3dviewer_1_2\cal3dviewer_source_1_2\cal3dviewer\release\cal3dviewer.tlog\cl.command.1.tlog
f:\older projects\interactive project\vc++_final_projects\cal3dviewer_1_2\cal3dviewer_source_1_2\cal3dviewer\release\cal3dviewer.tlog\cl.read.1.tlog
f:\older projects\interactive project\vc++_final_projects\cal3dviewer_1_2\cal3dviewer_source_1_2\cal3dviewer\release\cal3dviewer.tlog\cl.write.1.tlog
f:\older projects\interactive project\vc++_final_projects\cal3dviewer_1_2\cal3dviewer_source_1_2\cal3dviewer\release\cal3dviewer.tlog\link.command.1.tlog
f:\older projects\interactive project\vc++_final_projects\cal3dviewer_1_2\cal3dviewer_source_1_2\cal3dviewer\release\cal3dviewer.tlog\link.read.1.tlog
f:\older projects\interactive project\vc++_final_projects\cal3dviewer_1_2\cal3dviewer_source_1_2\cal3dviewer\release\cal3dviewer.tlog\link.write.1.tlog
f:\older projects\interactive project\vc++_final_projects\cal3dviewer_1_2\cal3dviewer_source_1_2\cal3dviewer\release\cal3dviewer.tlog\rc.command.1.tlog
f:\older projects\interactive project\vc++_final_projects\cal3dviewer_1_2\cal3dviewer_source_1_2\cal3dviewer\release\cal3dviewer.tlog\rc.read.1.tlog
f:\older projects\interactive project\vc++_final_projects\cal3dviewer_1_2\cal3dviewer_source_1_2\cal3dviewer\release\cal3dviewer.tlog\rc.write.1.tlog
